<?xml version="1.0" encoding="UTF-8"?>
<testsuite name="Tests" tests="10" skipped="0" failures="0" errors="0" timestamp="2021-05-19T15:06:15" hostname="DESKTOP-6BHH6BK" time="0.433">
  <properties/>
  <testcase name="acceptTransfersMock()" classname="Tests" time="0.374"/>
  <testcase name="postTransfersMock()" classname="Tests" time="0.004"/>
  <testcase name="withdrawMock2()" classname="Tests" time="0.006"/>
  <testcase name="isUsernameAvailableMock()" classname="Tests" time="0.01"/>
  <testcase name="depositMock()" classname="Tests" time="0.004"/>
  <testcase name="depositMock2()" classname="Tests" time="0.007"/>
  <testcase name="depositMock3()" classname="Tests" time="0.003"/>
  <testcase name="postTransfersMock2()" classname="Tests" time="0.004"/>
  <testcase name="postTransfersMock3()" classname="Tests" time="0.003"/>
  <testcase name="withdrawMock()" classname="Tests" time="0.002"/>
  <system-out><![CDATA[]]></system-out>
  <system-err><![CDATA[]]></system-err>
</testsuite>
