<?xml version="1.0" encoding="UTF-8"?>
<testsuite name="Tests" tests="20" skipped="0" failures="0" errors="0" timestamp="2021-05-14T19:40:32" hostname="DESKTOP-6BHH6BK" time="6.74">
  <properties/>
  <testcase name="acceptTransfersMock()" classname="Tests" time="0.442"/>
  <testcase name="testCheckAccStatus()" classname="Tests" time="2.117"/>
  <testcase name="postTransfersMock()" classname="Tests" time="0.004"/>
  <testcase name="testIsUsernameAvailableFalse()" classname="Tests" time="0.478"/>
  <testcase name="withdrawMock2()" classname="Tests" time="0.003"/>
  <testcase name="testIsUsernameAvailable()" classname="Tests" time="0.46"/>
  <testcase name="isUsernameAvailableMock()" classname="Tests" time="0.002"/>
  <testcase name="depositMock()" classname="Tests" time="0.003"/>
  <testcase name="testWithdraw()" classname="Tests" time="0.417"/>
  <testcase name="depositMock2()" classname="Tests" time="0.003"/>
  <testcase name="depositMock3()" classname="Tests" time="0.003"/>
  <testcase name="testAcceptTransfer1()" classname="Tests" time="0.462"/>
  <testcase name="testAcceptTransfer2()" classname="Tests" time="0.472"/>
  <testcase name="testCheckAccStatusFalse()" classname="Tests" time="0.46"/>
  <testcase name="testSelectCustomerFalse()" classname="Tests" time="0.459"/>
  <testcase name="postTransfersMock2()" classname="Tests" time="0.003"/>
  <testcase name="postTransfersMock3()" classname="Tests" time="0.003"/>
  <testcase name="withdrawMock()" classname="Tests" time="0.003"/>
  <testcase name="testDeposit1()" classname="Tests" time="0.45"/>
  <testcase name="testDeposit3()" classname="Tests" time="0.468"/>
  <system-out><![CDATA[false
true
]]></system-out>
  <system-err><![CDATA[]]></system-err>
</testsuite>
