<?xml version="1.0" encoding="UTF-8"?>
<testsuite name="Tests" tests="20" skipped="0" failures="0" errors="0" timestamp="2021-05-13T23:25:35" hostname="DESKTOP-6BHH6BK" time="5.181">
  <properties/>
  <testcase name="acceptTransfersMock()" classname="Tests" time="0.135"/>
  <testcase name="testCheckAccStatus()" classname="Tests" time="1.038"/>
  <testcase name="postTransfersMock()" classname="Tests" time="0.001"/>
  <testcase name="testIsUsernameAvailableFalse()" classname="Tests" time="0.442"/>
  <testcase name="withdrawMock2()" classname="Tests" time="0.001"/>
  <testcase name="testIsUsernameAvailable()" classname="Tests" time="0.436"/>
  <testcase name="isUsernameAvailableMock()" classname="Tests" time="0.001"/>
  <testcase name="depositMock()" classname="Tests" time="0.001"/>
  <testcase name="testWithdraw()" classname="Tests" time="0.38"/>
  <testcase name="depositMock2()" classname="Tests" time="0.001"/>
  <testcase name="depositMock3()" classname="Tests" time="0.002"/>
  <testcase name="testAcceptTransfer1()" classname="Tests" time="0.438"/>
  <testcase name="testAcceptTransfer2()" classname="Tests" time="0.48"/>
  <testcase name="testCheckAccStatusFalse()" classname="Tests" time="0.467"/>
  <testcase name="testSelectCustomerFalse()" classname="Tests" time="0.465"/>
  <testcase name="postTransfersMock2()" classname="Tests" time="0.002"/>
  <testcase name="postTransfersMock3()" classname="Tests" time="0.001"/>
  <testcase name="withdrawMock()" classname="Tests" time="0.0"/>
  <testcase name="testDeposit1()" classname="Tests" time="0.443"/>
  <testcase name="testDeposit3()" classname="Tests" time="0.433"/>
  <system-out><![CDATA[false
true
org.postgresql.jdbc.PgResultSet@3517684b
org.postgresql.jdbc.PgResultSet@50f6d3
]]></system-out>
  <system-err><![CDATA[]]></system-err>
</testsuite>
